mode: atomic
nitric.io/membrane/membrane/main.go:71.36,72.20 1 18
nitric.io/membrane/membrane/main.go:72.20,74.3 1 0
nitric.io/membrane/membrane/main.go:78.78,81.16 3 5
nitric.io/membrane/membrane/main.go:87.2,89.16 2 0
nitric.io/membrane/membrane/main.go:95.2,98.24 2 0
nitric.io/membrane/membrane/main.go:81.16,84.3 1 5
nitric.io/membrane/membrane/main.go:89.16,92.3 1 0
nitric.io/membrane/membrane/main.go:102.75,105.16 3 5
nitric.io/membrane/membrane/main.go:111.2,113.16 2 0
nitric.io/membrane/membrane/main.go:119.2,122.24 2 0
nitric.io/membrane/membrane/main.go:105.16,108.3 1 5
nitric.io/membrane/membrane/main.go:113.16,116.3 1 0
nitric.io/membrane/membrane/main.go:125.81,128.16 3 5
nitric.io/membrane/membrane/main.go:134.2,136.16 2 0
nitric.io/membrane/membrane/main.go:142.2,147.61 3 0
nitric.io/membrane/membrane/main.go:128.16,131.3 1 5
nitric.io/membrane/membrane/main.go:136.16,139.3 1 0
nitric.io/membrane/membrane/main.go:156.60,161.16 3 5
nitric.io/membrane/membrane/main.go:167.2,169.16 2 4
nitric.io/membrane/membrane/main.go:175.2,178.24 2 3
nitric.io/membrane/membrane/main.go:161.16,164.3 1 1
nitric.io/membrane/membrane/main.go:169.16,172.3 1 1
nitric.io/membrane/membrane/main.go:181.40,193.29 7 0
nitric.io/membrane/membrane/main.go:200.2,204.6 4 0
nitric.io/membrane/membrane/main.go:193.29,195.3 1 0
nitric.io/membrane/membrane/main.go:204.6,206.18 2 0
nitric.io/membrane/membrane/main.go:206.18,208.9 2 0
nitric.io/membrane/membrane/main.go:209.9,210.32 1 0
nitric.io/membrane/membrane/main.go:210.32,213.5 2 0
nitric.io/membrane/membrane/main.go:213.10,215.5 1 0
nitric.io/membrane/membrane/main.go:221.28,234.18 4 5
nitric.io/membrane/membrane/main.go:242.2,243.18 2 5
nitric.io/membrane/membrane/main.go:251.2,252.18 2 5
nitric.io/membrane/membrane/main.go:260.2,261.18 2 5
nitric.io/membrane/membrane/main.go:265.2,266.18 2 5
nitric.io/membrane/membrane/main.go:270.2,273.13 2 1
nitric.io/membrane/membrane/main.go:280.2,280.26 1 1
nitric.io/membrane/membrane/main.go:294.2,295.74 2 1
nitric.io/membrane/membrane/main.go:357.2,357.12 1 1
nitric.io/membrane/membrane/main.go:234.18,238.3 2 0
nitric.io/membrane/membrane/main.go:238.8,240.3 1 5
nitric.io/membrane/membrane/main.go:243.18,247.3 2 0
nitric.io/membrane/membrane/main.go:247.8,249.3 1 5
nitric.io/membrane/membrane/main.go:252.18,256.3 2 0
nitric.io/membrane/membrane/main.go:256.8,258.3 1 5
nitric.io/membrane/membrane/main.go:261.18,263.3 1 0
nitric.io/membrane/membrane/main.go:266.18,267.15 1 3
nitric.io/membrane/membrane/main.go:273.13,276.3 2 1
nitric.io/membrane/membrane/main.go:280.26,282.3 1 0
nitric.io/membrane/membrane/main.go:282.8,284.3 1 1
nitric.io/membrane/membrane/main.go:295.74,301.19 3 0
nitric.io/membrane/membrane/main.go:311.3,323.19 7 0
nitric.io/membrane/membrane/main.go:332.3,334.19 2 0
nitric.io/membrane/membrane/main.go:343.3,344.44 2 0
nitric.io/membrane/membrane/main.go:349.3,353.4 1 0
nitric.io/membrane/membrane/main.go:301.19,308.4 1 0
nitric.io/membrane/membrane/main.go:323.19,330.4 1 0
nitric.io/membrane/membrane/main.go:334.19,341.4 1 0
nitric.io/membrane/membrane/main.go:344.44,346.4 1 0
nitric.io/membrane/membrane/main.go:361.62,363.2 1 0
nitric.io/membrane/membrane/main.go:366.55,379.2 1 0
nitric.io/membrane/membrane/main.go:384.92,397.2 1 5
